# JRE version: OpenJDK Runtime Environment Temurin-17.0.11+9 (17.0.11+9) (build 17.0.11+9)
# Java VM: OpenJDK 64-Bit Server VM Temurin-17.0.11+9 (17.0.11+9, mixed mode, tiered, compressed oops, compressed class ptrs, parallel gc, linux-amd64)
GC Precious Log:
 CPUs: 12 total, 12 available
 Memory: 17844M
 Large Page Support: Disabled
 NUMA Support: Disabled
 Compressed Oops: Enabled (32-bit)
 Alignments: Space 512K, Generation 512K, Heap 2M
 Heap Min Capacity: 100M
 Heap Initial Capacity: 100M
 Heap Max Capacity: 1G
 Pre-touch: Disabled
 Parallel Workers: 10
Heap:
 PSYoungGen      total 16896K, used 5903K [0x00000000eab00000, 0x00000000ec880000, 0x0000000100000000)
  eden space 10752K, 0% used [0x00000000eab00000,0x00000000eab00000,0x00000000eb580000)
  from space 6144K, 96% used [0x00000000eb580000,0x00000000ebb43cd0,0x00000000ebb80000)
  to   space 9728K, 0% used [0x00000000ebf00000,0x00000000ebf00000,0x00000000ec880000)
 ParOldGen       total 282112K, used 282097K [0x00000000c0000000, 0x00000000d1380000, 0x00000000eab00000)
  object space 282112K, 99% used [0x00000000c0000000,0x00000000d137c618,0x00000000d1380000)
 Metaspace       used 71781K, committed 73024K, reserved 1114112K
  class space    used 7574K, committed 8128K, reserved 1048576K
GC Heap History (20 events):
Event: 179,399 GC heap after
{Heap after GC invocations=140 (full 11):
 PSYoungGen      total 17920K, used 2131K [0x00000000eab00000, 0x00000000eca00000, 0x0000000100000000)
  eden space 15360K, 0% used [0x00000000eab00000,0x00000000eab00000,0x00000000eba00000)
  from space 2560K, 83% used [0x00000000ec780000,0x00000000ec994d50,0x00000000eca00000)
  to   space 2560K, 0% used [0x00000000ec500000,0x00000000ec500000,0x00000000ec780000)
 ParOldGen       total 280064K, used 264419K [0x00000000c0000000, 0x00000000d1180000, 0x00000000eab00000)
  object space 280064K, 94% used [0x00000000c0000000,0x00000000d0238d78,0x00000000d1180000)
 Metaspace       used 70687K, committed 71936K, reserved 1114112K
  class space    used 7464K, committed 8000K, reserved 1048576K
}
Event: 179,591 GC heap before
{Heap before GC invocations=141 (full 11):
 PSYoungGen      total 17920K, used 17491K [0x00000000eab00000, 0x00000000eca00000, 0x0000000100000000)
  eden space 15360K, 100% used [0x00000000eab00000,0x00000000eba00000,0x00000000eba00000)
  from space 2560K, 83% used [0x00000000ec780000,0x00000000ec994d50,0x00000000eca00000)
  to   space 2560K, 0% used [0x00000000ec500000,0x00000000ec500000,0x00000000ec780000)
 ParOldGen       total 280064K, used 264419K [0x00000000c0000000, 0x00000000d1180000, 0x00000000eab00000)
  object space 280064K, 94% used [0x00000000c0000000,0x00000000d0238d78,0x00000000d1180000)
 Metaspace       used 70742K, committed 72000K, reserved 1114112K
  class space    used 7465K, committed 8000K, reserved 1048576K
}
Event: 179,597 GC heap after
{Heap after GC invocations=141 (full 11):
 PSYoungGen      total 16896K, used 1513K [0x00000000eab00000, 0x00000000ec800000, 0x0000000100000000)
  eden space 15360K, 0% used [0x00000000eab00000,0x00000000eab00000,0x00000000eba00000)
  from space 1536K, 98% used [0x00000000ec500000,0x00000000ec67a420,0x00000000ec680000)
  to   space 1536K, 0% used [0x00000000ec680000,0x00000000ec680000,0x00000000ec800000)
 ParOldGen       total 280064K, used 264427K [0x00000000c0000000, 0x00000000d1180000, 0x00000000eab00000)
  object space 280064K, 94% used [0x00000000c0000000,0x00000000d023ad78,0x00000000d1180000)
 Metaspace       used 70742K, committed 72000K, reserved 1114112K
  class space    used 7465K, committed 8000K, reserved 1048576K
}
Event: 179,710 GC heap before
{Heap before GC invocations=142 (full 11):
 PSYoungGen      total 16896K, used 16873K [0x00000000eab00000, 0x00000000ec800000, 0x0000000100000000)
  eden space 15360K, 100% used [0x00000000eab00000,0x00000000eba00000,0x00000000eba00000)
  from space 1536K, 98% used [0x00000000ec500000,0x00000000ec67a420,0x00000000ec680000)
  to   space 1536K, 0% used [0x00000000ec680000,0x00000000ec680000,0x00000000ec800000)
 ParOldGen       total 280064K, used 264427K [0x00000000c0000000, 0x00000000d1180000, 0x00000000eab00000)
  object space 280064K, 94% used [0x00000000c0000000,0x00000000d023ad78,0x00000000d1180000)
 Metaspace       used 70761K, committed 72000K, reserved 1114112K
  class space    used 7465K, committed 8000K, reserved 1048576K
}
Event: 179,714 GC heap after
{Heap after GC invocations=142 (full 11):
 PSYoungGen      total 16896K, used 1513K [0x00000000eab00000, 0x00000000ec800000, 0x0000000100000000)
  eden space 15360K, 0% used [0x00000000eab00000,0x00000000eab00000,0x00000000eba00000)
  from space 1536K, 98% used [0x00000000ec680000,0x00000000ec7fa460,0x00000000ec800000)
  to   space 2048K, 0% used [0x00000000ec400000,0x00000000ec400000,0x00000000ec600000)
 ParOldGen       total 280064K, used 264427K [0x00000000c0000000, 0x00000000d1180000, 0x00000000eab00000)
  object space 280064K, 94% used [0x00000000c0000000,0x00000000d023ad78,0x00000000d1180000)
 Metaspace       used 70761K, committed 72000K, reserved 1114112K
  class space    used 7465K, committed 8000K, reserved 1048576K
}
Event: 180,274 GC heap before
{Heap before GC invocations=143 (full 11):
 PSYoungGen      total 16896K, used 16873K [0x00000000eab00000, 0x00000000ec800000, 0x0000000100000000)
  eden space 15360K, 100% used [0x00000000eab00000,0x00000000eba00000,0x00000000eba00000)
  from space 1536K, 98% used [0x00000000ec680000,0x00000000ec7fa460,0x00000000ec800000)
  to   space 2048K, 0% used [0x00000000ec400000,0x00000000ec400000,0x00000000ec600000)
 ParOldGen       total 280064K, used 264427K [0x00000000c0000000, 0x00000000d1180000, 0x00000000eab00000)
  object space 280064K, 94% used [0x00000000c0000000,0x00000000d023ad78,0x00000000d1180000)
 Metaspace       used 71259K, committed 72512K, reserved 1114112K
  class space    used 7504K, committed 8064K, reserved 1048576K
}
Event: 180,278 GC heap after
{Heap after GC invocations=143 (full 11):
 PSYoungGen      total 16896K, used 1307K [0x00000000eab00000, 0x00000000ec700000, 0x0000000100000000)
  eden space 15360K, 0% used [0x00000000eab00000,0x00000000eab00000,0x00000000eba00000)
  from space 1536K, 85% used [0x00000000ec400000,0x00000000ec546c40,0x00000000ec580000)
  to   space 1536K, 0% used [0x00000000ec580000,0x00000000ec580000,0x00000000ec700000)
 ParOldGen       total 280064K, used 264435K [0x00000000c0000000, 0x00000000d1180000, 0x00000000eab00000)
  object space 280064K, 94% used [0x00000000c0000000,0x00000000d023cd78,0x00000000d1180000)
 Metaspace       used 71259K, committed 72512K, reserved 1114112K
  class space    used 7504K, committed 8064K, reserved 1048576K
}
Event: 180,390 GC heap before
{Heap before GC invocations=144 (full 11):
 PSYoungGen      total 16896K, used 16667K [0x00000000eab00000, 0x00000000ec700000, 0x0000000100000000)
  eden space 15360K, 100% used [0x00000000eab00000,0x00000000eba00000,0x00000000eba00000)
  from space 1536K, 85% used [0x00000000ec400000,0x00000000ec546c40,0x00000000ec580000)
  to   space 1536K, 0% used [0x00000000ec580000,0x00000000ec580000,0x00000000ec700000)
 ParOldGen       total 280064K, used 264435K [0x00000000c0000000, 0x00000000d1180000, 0x00000000eab00000)
  object space 280064K, 94% used [0x00000000c0000000,0x00000000d023cd78,0x00000000d1180000)
 Metaspace       used 71323K, committed 72576K, reserved 1114112K
  class space    used 7506K, committed 8064K, reserved 1048576K
}
Event: 180,402 GC heap after
{Heap after GC invocations=144 (full 11):
 PSYoungGen      total 16896K, used 1516K [0x00000000eab00000, 0x00000000ece00000, 0x0000000100000000)
  eden space 15360K, 0% used [0x00000000eab00000,0x00000000eab00000,0x00000000eba00000)
  from space 1536K, 98% used [0x00000000ec580000,0x00000000ec6fb0a0,0x00000000ec700000)
  to   space 10240K, 0% used [0x00000000eba00000,0x00000000eba00000,0x00000000ec400000)
 ParOldGen       total 280064K, used 271606K [0x00000000c0000000, 0x00000000d1180000, 0x00000000eab00000)
  object space 280064K, 96% used [0x00000000c0000000,0x00000000d093d848,0x00000000d1180000)
 Metaspace       used 71323K, committed 72576K, reserved 1114112K
  class space    used 7506K, committed 8064K, reserved 1048576K
}
Event: 180,502 GC heap before
{Heap before GC invocations=145 (full 11):
 PSYoungGen      total 16896K, used 16876K [0x00000000eab00000, 0x00000000ece00000, 0x0000000100000000)
  eden space 15360K, 100% used [0x00000000eab00000,0x00000000eba00000,0x00000000eba00000)
  from space 1536K, 98% used [0x00000000ec580000,0x00000000ec6fb0a0,0x00000000ec700000)
  to   space 10240K, 0% used [0x00000000eba00000,0x00000000eba00000,0x00000000ec400000)
 ParOldGen       total 280064K, used 271606K [0x00000000c0000000, 0x00000000d1180000, 0x00000000eab00000)
  object space 280064K, 96% used [0x00000000c0000000,0x00000000d093d848,0x00000000d1180000)
 Metaspace       used 71352K, committed 72640K, reserved 1114112K
  class space    used 7508K, committed 8064K, reserved 1048576K
}
Event: 180,516 GC heap after
{Heap after GC invocations=145 (full 11):
 PSYoungGen      total 25600K, used 9355K [0x00000000eab00000, 0x00000000ece00000, 0x0000000100000000)
  eden space 15360K, 0% used [0x00000000eab00000,0x00000000eab00000,0x00000000eba00000)
  from space 10240K, 91% used [0x00000000eba00000,0x00000000ec322dd0,0x00000000ec400000)
  to   space 10240K, 0% used [0x00000000ec400000,0x00000000ec400000,0x00000000ece00000)
 ParOldGen       total 280064K, used 271734K [0x00000000c0000000, 0x00000000d1180000, 0x00000000eab00000)
  object space 280064K, 97% used [0x00000000c0000000,0x00000000d095d848,0x00000000d1180000)
 Metaspace       used 71352K, committed 72640K, reserved 1114112K
  class space    used 7508K, committed 8064K, reserved 1048576K
}
Event: 180,898 GC heap before
{Heap before GC invocations=146 (full 11):
 PSYoungGen      total 25600K, used 24715K [0x00000000eab00000, 0x00000000ece00000, 0x0000000100000000)
  eden space 15360K, 100% used [0x00000000eab00000,0x00000000eba00000,0x00000000eba00000)
  from space 10240K, 91% used [0x00000000eba00000,0x00000000ec322dd0,0x00000000ec400000)
  to   space 10240K, 0% used [0x00000000ec400000,0x00000000ec400000,0x00000000ece00000)
 ParOldGen       total 280064K, used 271734K [0x00000000c0000000, 0x00000000d1180000, 0x00000000eab00000)
  object space 280064K, 97% used [0x00000000c0000000,0x00000000d095d848,0x00000000d1180000)
 Metaspace       used 71400K, committed 72704K, reserved 1114112K
  class space    used 7514K, committed 8064K, reserved 1048576K
}
Event: 180,907 GC heap after
{Heap after GC invocations=146 (full 11):
 PSYoungGen      total 24576K, used 10223K [0x00000000eab00000, 0x00000000ed000000, 0x0000000100000000)
  eden space 14336K, 0% used [0x00000000eab00000,0x00000000eab00000,0x00000000eb900000)
  from space 10240K, 99% used [0x00000000ec400000,0x00000000ecdfbfe0,0x00000000ece00000)
  to   space 11264K, 0% used [0x00000000eb900000,0x00000000eb900000,0x00000000ec400000)
 ParOldGen       total 280064K, used 272158K [0x00000000c0000000, 0x00000000d1180000, 0x00000000eab00000)
  object space 280064K, 97% used [0x00000000c0000000,0x00000000d09c7848,0x00000000d1180000)
 Metaspace       used 71400K, committed 72704K, reserved 1114112K
  class space    used 7514K, committed 8064K, reserved 1048576K
}
Event: 182,043 GC heap before
{Heap before GC invocations=147 (full 11):
 PSYoungGen      total 24576K, used 24559K [0x00000000eab00000, 0x00000000ed000000, 0x0000000100000000)
  eden space 14336K, 99% used [0x00000000eab00000,0x00000000eb8ffff0,0x00000000eb900000)
  from space 10240K, 99% used [0x00000000ec400000,0x00000000ecdfbfe0,0x00000000ece00000)
  to   space 11264K, 0% used [0x00000000eb900000,0x00000000eb900000,0x00000000ec400000)
 ParOldGen       total 280064K, used 272158K [0x00000000c0000000, 0x00000000d1180000, 0x00000000eab00000)
  object space 280064K, 97% used [0x00000000c0000000,0x00000000d09c7848,0x00000000d1180000)
 Metaspace       used 71684K, committed 72960K, reserved 1114112K
  class space    used 7567K, committed 8128K, reserved 1048576K
}
Event: 182,055 GC heap after
{Heap after GC invocations=147 (full 11):
 PSYoungGen      total 25600K, used 11263K [0x00000000eab00000, 0x00000000ed100000, 0x0000000100000000)
  eden space 14336K, 0% used [0x00000000eab00000,0x00000000eab00000,0x00000000eb900000)
  from space 11264K, 99% used [0x00000000eb900000,0x00000000ec3ffe40,0x00000000ec400000)
  to   space 12288K, 0% used [0x00000000ec500000,0x00000000ec500000,0x00000000ed100000)
 ParOldGen       total 280064K, used 272798K [0x00000000c0000000, 0x00000000d1180000, 0x00000000eab00000)
  object space 280064K, 97% used [0x00000000c0000000,0x00000000d0a67848,0x00000000d1180000)
 Metaspace       used 71684K, committed 72960K, reserved 1114112K
  class space    used 7567K, committed 8128K, reserved 1048576K
}
Event: 182,679 GC heap before
{Heap before GC invocations=148 (full 11):
 PSYoungGen      total 25600K, used 25599K [0x00000000eab00000, 0x00000000ed100000, 0x0000000100000000)
  eden space 14336K, 100% used [0x00000000eab00000,0x00000000eb900000,0x00000000eb900000)
  from space 11264K, 99% used [0x00000000eb900000,0x00000000ec3ffe40,0x00000000ec400000)
  to   space 12288K, 0% used [0x00000000ec500000,0x00000000ec500000,0x00000000ed100000)
 ParOldGen       total 280064K, used 272798K [0x00000000c0000000, 0x00000000d1180000, 0x00000000eab00000)
  object space 280064K, 97% used [0x00000000c0000000,0x00000000d0a67848,0x00000000d1180000)
 Metaspace       used 71716K, committed 72960K, reserved 1114112K
  class space    used 7569K, committed 8128K, reserved 1048576K
}
Event: 182,687 GC heap after
{Heap after GC invocations=148 (full 11):
 PSYoungGen      total 23040K, used 12280K [0x00000000eab00000, 0x00000000ed800000, 0x0000000100000000)
  eden space 10752K, 0% used [0x00000000eab00000,0x00000000eab00000,0x00000000eb580000)
  from space 12288K, 99% used [0x00000000ec500000,0x00000000ed0fe0e0,0x00000000ed100000)
  to   space 15872K, 0% used [0x00000000eb580000,0x00000000eb580000,0x00000000ec500000)
 ParOldGen       total 280064K, used 275510K [0x00000000c0000000, 0x00000000d1180000, 0x00000000eab00000)
  object space 280064K, 98% used [0x00000000c0000000,0x00000000d0d0d848,0x00000000d1180000)
 Metaspace       used 71716K, committed 72960K, reserved 1114112K
  class space    used 7569K, committed 8128K, reserved 1048576K
}
Event: 182,721 GC heap before
{Heap before GC invocations=149 (full 11):
 PSYoungGen      total 23040K, used 23032K [0x00000000eab00000, 0x00000000ed800000, 0x0000000100000000)
  eden space 10752K, 100% used [0x00000000eab00000,0x00000000eb580000,0x00000000eb580000)
  from space 12288K, 99% used [0x00000000ec500000,0x00000000ed0fe0e0,0x00000000ed100000)
  to   space 15872K, 0% used [0x00000000eb580000,0x00000000eb580000,0x00000000ec500000)
 ParOldGen       total 280064K, used 275510K [0x00000000c0000000, 0x00000000d1180000, 0x00000000eab00000)
  object space 280064K, 98% used [0x00000000c0000000,0x00000000d0d0d848,0x00000000d1180000)
 Metaspace       used 71781K, committed 73024K, reserved 1114112K
  class space    used 7574K, committed 8128K, reserved 1048576K
}
Event: 182,729 GC heap after
{Heap after GC invocations=149 (full 11):
 PSYoungGen      total 16896K, used 5903K [0x00000000eab00000, 0x00000000ec880000, 0x0000000100000000)
  eden space 10752K, 0% used [0x00000000eab00000,0x00000000eab00000,0x00000000eb580000)
  from space 6144K, 96% used [0x00000000eb580000,0x00000000ebb43cd0,0x00000000ebb80000)
  to   space 9728K, 0% used [0x00000000ebf00000,0x00000000ebf00000,0x00000000ec880000)
 ParOldGen       total 282112K, used 282097K [0x00000000c0000000, 0x00000000d1380000, 0x00000000eab00000)
  object space 282112K, 99% used [0x00000000c0000000,0x00000000d137c618,0x00000000d1380000)
 Metaspace       used 71781K, committed 73024K, reserved 1114112K
  class space    used 7574K, committed 8128K, reserved 1048576K
}
Event: 182,729 GC heap before
{Heap before GC invocations=150 (full 12):
 PSYoungGen      total 16896K, used 5903K [0x00000000eab00000, 0x00000000ec880000, 0x0000000100000000)
  eden space 10752K, 0% used [0x00000000eab00000,0x00000000eab00000,0x00000000eb580000)
  from space 6144K, 96% used [0x00000000eb580000,0x00000000ebb43cd0,0x00000000ebb80000)
  to   space 9728K, 0% used [0x00000000ebf00000,0x00000000ebf00000,0x00000000ec880000)
 ParOldGen       total 282112K, used 282097K [0x00000000c0000000, 0x00000000d1380000, 0x00000000eab00000)
  object space 282112K, 99% used [0x00000000c0000000,0x00000000d137c618,0x00000000d1380000)
 Metaspace       used 71781K, committed 73024K, reserved 1114112K
  class space    used 7574K, committed 8128K, reserved 1048576K
}

